
> ayris-webapp@0.0.0 build
> tsc -b && vite build

src/components/ErrorBoundary.tsx(1,8): error TS6133: 'React' is declared but its value is never read.
src/hooks/useAdminStats.ts(20,18): error TS2339: Property 'from' does not exist on type 'InsForgeClient'.
src/hooks/useAdminStats.ts(27,18): error TS2339: Property 'from' does not exist on type 'InsForgeClient'.
src/hooks/useAdminStats.ts(35,18): error TS2339: Property 'from' does not exist on type 'InsForgeClient'.
src/hooks/useAdminStats.ts(42,18): error TS2339: Property 'from' does not exist on type 'InsForgeClient'.
src/hooks/useAdminStats.ts(48,55): error TS7006: Parameter 'acc' implicitly has an 'any' type.
src/hooks/useAdminStats.ts(48,60): error TS7006: Parameter 'curr' implicitly has an 'any' type.
src/hooks/useEvents.ts(16,18): error TS2339: Property 'from' does not exist on type 'InsForgeClient'.
src/hooks/useEvents.ts(34,18): error TS2339: Property 'from' does not exist on type 'InsForgeClient'.
src/hooks/useStorage.ts(8,21): error TS6133: 'data' is declared but its value is never read.
src/hooks/useStorage.ts(15,21): error TS2339: Property 'data' does not exist on type 'String'.
src/hooks/useStorage.ts(35,21): error TS6133: 'data' is declared but its value is never read.
src/hooks/useStorage.ts(41,21): error TS2339: Property 'data' does not exist on type 'String'.
src/hooks/useStorage.ts(61,25): error TS2345: Argument of type 'string[]' is not assignable to parameter of type 'string'.

